<?xml version="1.0" encoding="UTF-8"?>
<!-- Generated by org.testng.reporters.JUnitXMLReporter -->
<testsuite ignored="1" hostname="All-is-Well" failures="1" tests="1" name="Test" time="17.518" errors="0" timestamp="2023-07-16T17:47:36 IST">
  <testcase classname="testCases.TC_002_LoginTest" name="test_loginTest" time="11.288">
    <failure type="java.lang.AssertionError" message="null">
      <![CDATA[java.lang.AssertionError: null
at testCases.TC_002_LoginTest.test_loginTest(TC_002_LoginTest.java:38)
at java.base/java.util.ArrayList.forEach(ArrayList.java:1511)
... Removed 29 stack frames]]>
    </failure>
  </testcase> <!-- test_loginTest -->
  <testcase classname="testCases.TC_003_LoginDataDrivenTest" name="test_LoginDDT" time="0.0">
    <ignored/>
  </testcase> <!-- test_LoginDDT -->
</testsuite> <!-- Test -->
