<?xml version="1.0" encoding="UTF-8"?>
<!-- Generated by org.testng.reporters.JUnitXMLReporter -->
<testsuite ignored="1" hostname="All-is-Well" failures="0" tests="1" name="Test" time="7.113" errors="0" timestamp="2023-07-16T17:53:15 IST">
  <testcase classname="testCases.TC_002_LoginTest" name="test_loginTest" time="1.247"/>
  <testcase classname="testCases.TC_003_LoginDataDrivenTest" name="test_LoginDDT" time="0.0">
    <ignored/>
  </testcase> <!-- test_LoginDDT -->
</testsuite> <!-- Test -->
